[INFO][2015-05-31 17:58:27,346][org.springframework.test.context.support.DefaultTestContextBootstrapper]Loaded default TestExecutionListener class names from location [META-INF/spring.factories]: [org.springframework.test.context.web.ServletTestExecutionListener, org.springframework.test.context.support.DependencyInjectionTestExecutionListener, org.springframework.test.context.support.DirtiesContextTestExecutionListener, org.springframework.test.context.transaction.TransactionalTestExecutionListener, org.springframework.test.context.jdbc.SqlScriptsTestExecutionListener]
[INFO][2015-05-31 17:58:27,362][org.springframework.test.context.support.DefaultTestContextBootstrapper]Using TestExecutionListeners: [org.springframework.test.context.web.ServletTestExecutionListener@396a51ab, org.springframework.test.context.support.DependencyInjectionTestExecutionListener@51081592, org.springframework.test.context.support.DirtiesContextTestExecutionListener@7f9a81e8, org.springframework.test.context.transaction.TransactionalTestExecutionListener@9629756, org.springframework.test.context.jdbc.SqlScriptsTestExecutionListener@62ee68d8]
[INFO][2015-05-31 17:58:27,364][org.springframework.test.context.support.DefaultTestContextBootstrapper]Loaded default TestExecutionListener class names from location [META-INF/spring.factories]: [org.springframework.test.context.web.ServletTestExecutionListener, org.springframework.test.context.support.DependencyInjectionTestExecutionListener, org.springframework.test.context.support.DirtiesContextTestExecutionListener, org.springframework.test.context.transaction.TransactionalTestExecutionListener, org.springframework.test.context.jdbc.SqlScriptsTestExecutionListener]
[INFO][2015-05-31 17:58:27,364][org.springframework.test.context.support.DefaultTestContextBootstrapper]Using TestExecutionListeners: [org.springframework.test.context.web.ServletTestExecutionListener@7c16905e, org.springframework.test.context.support.DependencyInjectionTestExecutionListener@2a2d45ba, org.springframework.test.context.support.DirtiesContextTestExecutionListener@2a5ca609, org.springframework.test.context.transaction.TransactionalTestExecutionListener@20e2cbe0, org.springframework.test.context.jdbc.SqlScriptsTestExecutionListener@68be2bc2]
[INFO][2015-05-31 17:58:27,454][org.springframework.beans.factory.xml.XmlBeanDefinitionReader]Loading XML bean definitions from class path resource [spring.xml]
[INFO][2015-05-31 17:58:27,598][org.springframework.beans.factory.xml.XmlBeanDefinitionReader]Loading XML bean definitions from class path resource [spring-hibernate.xml]
[INFO][2015-05-31 17:58:27,651][org.springframework.context.support.GenericApplicationContext]Refreshing org.springframework.context.support.GenericApplicationContext@4cf777e8: startup date [Sun May 31 17:58:27 CST 2015]; root of context hierarchy
[INFO][2015-05-31 17:58:27,742][org.springframework.context.support.PropertySourcesPlaceholderConfigurer]Loading properties file from class path resource [config.properties]
[ERROR][2015-05-31 17:58:27,948][com.alibaba.druid.pool.DruidAbstractDataSource]maxIdle is deprecated
[INFO][2015-05-31 17:58:28,018][com.alibaba.druid.pool.DruidDataSource]{dataSource-1} inited
[INFO][2015-05-31 17:58:28,169][org.hibernate.annotations.common.Version]HCANN000001: Hibernate Commons Annotations {4.0.2.Final}
[INFO][2015-05-31 17:58:28,173][org.hibernate.Version]HHH000412: Hibernate Core {4.2.19.Final}
[INFO][2015-05-31 17:58:28,174][org.hibernate.cfg.Environment]HHH000206: hibernate.properties not found
[INFO][2015-05-31 17:58:28,175][org.hibernate.cfg.Environment]HHH000021: Bytecode provider name : javassist
[INFO][2015-05-31 17:58:28,528][org.hibernate.dialect.Dialect]HHH000400: Using dialect: org.hibernate.dialect.MySQLDialect
[INFO][2015-05-31 17:58:28,623][org.hibernate.engine.transaction.internal.TransactionFactoryInitiator]HHH000399: Using default transaction strategy (direct JDBC transactions)
[INFO][2015-05-31 17:58:28,626][org.hibernate.hql.internal.ast.ASTQueryTranslatorFactory]HHH000397: Using ASTQueryTranslatorFactory
[INFO][2015-05-31 17:58:28,661][org.hibernate.validator.internal.util.Version]HV000001: Hibernate Validator 5.1.3.Final
[INFO][2015-05-31 17:58:28,895][org.hibernate.tool.hbm2ddl.SchemaUpdate]HHH000228: Running hbm2ddl schema update
[INFO][2015-05-31 17:58:28,895][org.hibernate.tool.hbm2ddl.SchemaUpdate]HHH000102: Fetching database metadata
[INFO][2015-05-31 17:58:28,898][org.hibernate.tool.hbm2ddl.SchemaUpdate]HHH000396: Updating schema
[INFO][2015-05-31 17:58:28,912][org.hibernate.tool.hbm2ddl.TableMetadata]HHH000261: Table found: test.t_user
[INFO][2015-05-31 17:58:28,912][org.hibernate.tool.hbm2ddl.TableMetadata]HHH000037: Columns: [upassword, uid, uname, usex]
[INFO][2015-05-31 17:58:28,912][org.hibernate.tool.hbm2ddl.TableMetadata]HHH000108: Foreign keys: []
[INFO][2015-05-31 17:58:28,912][org.hibernate.tool.hbm2ddl.TableMetadata]HHH000126: Indexes: [primary]
[INFO][2015-05-31 17:58:28,913][org.hibernate.tool.hbm2ddl.SchemaUpdate]HHH000232: Schema update complete
[INFO][2015-05-31 17:58:28,961][org.springframework.orm.hibernate4.HibernateTransactionManager]Using DataSource [{
	CreateTime:"2015-05-31 17:58:27",
	ActiveCount:0,
	PoolingCount:1,
	CreateCount:1,
	DestroyCount:0,
	CloseCount:2,
	ConnectCount:2,
	Connections:[
		{ID:1069584108, ConnectTime:"2015-05-31 17:58:28", UseCount:2, LastActiveTime:"2015-05-31 17:58:28"}
	]
}] of Hibernate SessionFactory for HibernateTransactionManager
[INFO][2015-05-31 17:58:29,041][org.springframework.test.context.transaction.TransactionContext]Began transaction (1) for test context [DefaultTestContext@2fb69ff6 testClass = UserDaoTest, testInstance = com.dlh.dao.UserDaoTest@cda4919, testMethod = testIsExist@UserDaoTest, testException = [null], mergedContextConfiguration = [MergedContextConfiguration@7f4d9395 testClass = UserDaoTest, locations = '{classpath:spring.xml, classpath:spring-hibernate.xml}', classes = '{}', contextInitializerClasses = '[]', activeProfiles = '{}', propertySourceLocations = '{}', propertySourceProperties = '{}', contextLoader = 'org.springframework.test.context.support.DelegatingSmartContextLoader', parent = [null]]]; transaction manager [org.springframework.orm.hibernate4.HibernateTransactionManager@2f19f2aa]; rollback [true]
[WARN][2015-05-31 17:58:29,131][org.hibernate.hql.internal.ast.HqlSqlWalker][DEPRECATION] Encountered positional parameter near line 1, column 51.  Positional parameter are considered deprecated; use named parameters or JPA-style positional parameters instead.
[WARN][2015-05-31 17:58:29,132][org.hibernate.hql.internal.ast.HqlSqlWalker][DEPRECATION] Encountered positional parameter near line 1, column 68.  Positional parameter are considered deprecated; use named parameters or JPA-style positional parameters instead.
[INFO][2015-05-31 17:58:29,274][org.springframework.test.context.transaction.TransactionContext]Rolled back transaction for test context [DefaultTestContext@2fb69ff6 testClass = UserDaoTest, testInstance = com.dlh.dao.UserDaoTest@cda4919, testMethod = testIsExist@UserDaoTest, testException = [null], mergedContextConfiguration = [MergedContextConfiguration@7f4d9395 testClass = UserDaoTest, locations = '{classpath:spring.xml, classpath:spring-hibernate.xml}', classes = '{}', contextInitializerClasses = '[]', activeProfiles = '{}', propertySourceLocations = '{}', propertySourceProperties = '{}', contextLoader = 'org.springframework.test.context.support.DelegatingSmartContextLoader', parent = [null]]].
[INFO][2015-05-31 17:58:29,292][org.springframework.context.support.GenericApplicationContext]Closing org.springframework.context.support.GenericApplicationContext@4cf777e8: startup date [Sun May 31 17:58:27 CST 2015]; root of context hierarchy
[INFO][2015-05-31 17:58:29,299][com.alibaba.druid.pool.DruidDataSource]{dataSource-1} closed
